[ 2017-05-24T14:40:33+08:00 ] 127.0.0.1 /
INFO: [ app_init ] --START--
INFO: Run Behavior\BuildLiteBehavior [ RunTime:0.000013s ]
INFO: [ app_init ] --END-- [ RunTime:0.000111s ]
INFO: [ app_begin ] --START--
INFO: Run Behavior\ReadHtmlCacheBehavior [ RunTime:0.000737s ]
INFO: [ app_begin ] --END-- [ RunTime:0.000785s ]
INFO: [ view_parse ] --START--
INFO: [ template_filter ] --START--
INFO: Run Behavior\ContentReplaceBehavior [ RunTime:0.006969s ]
INFO: [ template_filter ] --END-- [ RunTime:0.007029s ]
INFO: Run Behavior\ParseTemplateBehavior [ RunTime:0.021301s ]
INFO: [ view_parse ] --END-- [ RunTime:0.021384s ]
INFO: [ view_filter ] --START--
INFO: Run Behavior\WriteHtmlCacheBehavior [ RunTime:0.000452s ]
INFO: [ view_filter ] --END-- [ RunTime:0.000486s ]
INFO: [ app_end ] --START--
INFO: Run Behavior\ShowPageTraceBehavior [ RunTime:0.000623s ]
INFO: [ app_end ] --END-- [ RunTime:0.000662s ]

[ 2017-05-24T14:43:47+08:00 ] 127.0.0.1 /
INFO: [ app_init ] --START--
INFO: Run Behavior\BuildLiteBehavior [ RunTime:0.000011s ]
INFO: [ app_init ] --END-- [ RunTime:0.000522s ]
INFO: [ app_begin ] --START--
INFO: Run Behavior\ReadHtmlCacheBehavior [ RunTime:0.000555s ]
INFO: [ app_begin ] --END-- [ RunTime:0.000597s ]
INFO: [ view_parse ] --START--
INFO: [ template_filter ] --START--
INFO: Run Behavior\ContentReplaceBehavior [ RunTime:0.000035s ]
INFO: [ template_filter ] --END-- [ RunTime:0.000085s ]
NOTIC: [8] Constant APP_DEBUG already defined D:\phpStudy\WWW\interface\Application\Runtime\Cache\Home\828e0013b8f3bc1bb22b4f57172b019d.php 第 1 行.
NOTIC: [8] Constant APP_PATH already defined D:\phpStudy\WWW\interface\Application\Runtime\Cache\Home\828e0013b8f3bc1bb22b4f57172b019d.php 第 1 行.
NOTIC: [8] Constant MEMORY_LIMIT_ON already defined D:\phpStudy\WWW\interface\ThinkPHP\ThinkPHP.php 第 19 行.
NOTIC: [8] Constant THINK_VERSION already defined D:\phpStudy\WWW\interface\ThinkPHP\ThinkPHP.php 第 23 行.
NOTIC: [8] Constant URL_COMMON already defined D:\phpStudy\WWW\interface\ThinkPHP\ThinkPHP.php 第 26 行.
NOTIC: [8] Constant URL_PATHINFO already defined D:\phpStudy\WWW\interface\ThinkPHP\ThinkPHP.php 第 27 行.
NOTIC: [8] Constant URL_REWRITE already defined D:\phpStudy\WWW\interface\ThinkPHP\ThinkPHP.php 第 28 行.
NOTIC: [8] Constant URL_COMPAT already defined D:\phpStudy\WWW\interface\ThinkPHP\ThinkPHP.php 第 29 行.
NOTIC: [8] Constant EXT already defined D:\phpStudy\WWW\interface\ThinkPHP\ThinkPHP.php 第 32 行.
NOTIC: [8] Constant MAGIC_QUOTES_GPC already defined D:\phpStudy\WWW\interface\ThinkPHP\ThinkPHP.php 第 71 行.
NOTIC: [8] Constant IS_CGI already defined D:\phpStudy\WWW\interface\ThinkPHP\ThinkPHP.php 第 73 行.
NOTIC: [8] Constant IS_WIN already defined D:\phpStudy\WWW\interface\ThinkPHP\ThinkPHP.php 第 74 行.
NOTIC: [8] Constant IS_CLI already defined D:\phpStudy\WWW\interface\ThinkPHP\ThinkPHP.php 第 75 行.

[ 2017-05-24T14:47:53+08:00 ] 127.0.0.1 /
INFO: [ app_init ] --START--
INFO: Run Behavior\BuildLiteBehavior [ RunTime:0.000011s ]
INFO: [ app_init ] --END-- [ RunTime:0.000509s ]
INFO: [ app_begin ] --START--
INFO: Run Behavior\ReadHtmlCacheBehavior [ RunTime:0.000612s ]
INFO: [ app_begin ] --END-- [ RunTime:0.000678s ]
INFO: [ view_parse ] --START--
NOTIC: [8] Constant APP_DEBUG already defined D:\phpStudy\WWW\interface\Application\Runtime\Cache\Home\828e0013b8f3bc1bb22b4f57172b019d.php 第 1 行.
NOTIC: [8] Constant APP_PATH already defined D:\phpStudy\WWW\interface\Application\Runtime\Cache\Home\828e0013b8f3bc1bb22b4f57172b019d.php 第 1 行.
NOTIC: [8] Constant MEMORY_LIMIT_ON already defined D:\phpStudy\WWW\interface\ThinkPHP\ThinkPHP.php 第 19 行.
NOTIC: [8] Constant THINK_VERSION already defined D:\phpStudy\WWW\interface\ThinkPHP\ThinkPHP.php 第 23 行.
NOTIC: [8] Constant URL_COMMON already defined D:\phpStudy\WWW\interface\ThinkPHP\ThinkPHP.php 第 26 行.
NOTIC: [8] Constant URL_PATHINFO already defined D:\phpStudy\WWW\interface\ThinkPHP\ThinkPHP.php 第 27 行.
NOTIC: [8] Constant URL_REWRITE already defined D:\phpStudy\WWW\interface\ThinkPHP\ThinkPHP.php 第 28 行.
NOTIC: [8] Constant URL_COMPAT already defined D:\phpStudy\WWW\interface\ThinkPHP\ThinkPHP.php 第 29 行.
NOTIC: [8] Constant EXT already defined D:\phpStudy\WWW\interface\ThinkPHP\ThinkPHP.php 第 32 行.
NOTIC: [8] Constant MAGIC_QUOTES_GPC already defined D:\phpStudy\WWW\interface\ThinkPHP\ThinkPHP.php 第 71 行.
NOTIC: [8] Constant IS_CGI already defined D:\phpStudy\WWW\interface\ThinkPHP\ThinkPHP.php 第 73 行.
NOTIC: [8] Constant IS_WIN already defined D:\phpStudy\WWW\interface\ThinkPHP\ThinkPHP.php 第 74 行.
NOTIC: [8] Constant IS_CLI already defined D:\phpStudy\WWW\interface\ThinkPHP\ThinkPHP.php 第 75 行.

[ 2017-05-24T14:47:54+08:00 ] 127.0.0.1 /
INFO: [ app_init ] --START--
INFO: Run Behavior\BuildLiteBehavior [ RunTime:0.000019s ]
INFO: [ app_init ] --END-- [ RunTime:0.000586s ]
INFO: [ app_begin ] --START--
INFO: Run Behavior\ReadHtmlCacheBehavior [ RunTime:0.000886s ]
INFO: [ app_begin ] --END-- [ RunTime:0.000975s ]
INFO: [ view_parse ] --START--
NOTIC: [8] Constant APP_DEBUG already defined D:\phpStudy\WWW\interface\Application\Runtime\Cache\Home\828e0013b8f3bc1bb22b4f57172b019d.php 第 1 行.
NOTIC: [8] Constant APP_PATH already defined D:\phpStudy\WWW\interface\Application\Runtime\Cache\Home\828e0013b8f3bc1bb22b4f57172b019d.php 第 1 行.
NOTIC: [8] Constant MEMORY_LIMIT_ON already defined D:\phpStudy\WWW\interface\ThinkPHP\ThinkPHP.php 第 19 行.
NOTIC: [8] Constant THINK_VERSION already defined D:\phpStudy\WWW\interface\ThinkPHP\ThinkPHP.php 第 23 行.
NOTIC: [8] Constant URL_COMMON already defined D:\phpStudy\WWW\interface\ThinkPHP\ThinkPHP.php 第 26 行.
NOTIC: [8] Constant URL_PATHINFO already defined D:\phpStudy\WWW\interface\ThinkPHP\ThinkPHP.php 第 27 行.
NOTIC: [8] Constant URL_REWRITE already defined D:\phpStudy\WWW\interface\ThinkPHP\ThinkPHP.php 第 28 行.
NOTIC: [8] Constant URL_COMPAT already defined D:\phpStudy\WWW\interface\ThinkPHP\ThinkPHP.php 第 29 行.
NOTIC: [8] Constant EXT already defined D:\phpStudy\WWW\interface\ThinkPHP\ThinkPHP.php 第 32 行.
NOTIC: [8] Constant MAGIC_QUOTES_GPC already defined D:\phpStudy\WWW\interface\ThinkPHP\ThinkPHP.php 第 71 行.
NOTIC: [8] Constant IS_CGI already defined D:\phpStudy\WWW\interface\ThinkPHP\ThinkPHP.php 第 73 行.
NOTIC: [8] Constant IS_WIN already defined D:\phpStudy\WWW\interface\ThinkPHP\ThinkPHP.php 第 74 行.
NOTIC: [8] Constant IS_CLI already defined D:\phpStudy\WWW\interface\ThinkPHP\ThinkPHP.php 第 75 行.

[ 2017-05-24T14:47:55+08:00 ] 127.0.0.1 /
INFO: [ app_init ] --START--
INFO: Run Behavior\BuildLiteBehavior [ RunTime:0.000020s ]
INFO: [ app_init ] --END-- [ RunTime:0.001563s ]
INFO: [ app_begin ] --START--
INFO: Run Behavior\ReadHtmlCacheBehavior [ RunTime:0.000732s ]
INFO: [ app_begin ] --END-- [ RunTime:0.000797s ]
INFO: [ view_parse ] --START--
NOTIC: [8] Constant APP_DEBUG already defined D:\phpStudy\WWW\interface\Application\Runtime\Cache\Home\828e0013b8f3bc1bb22b4f57172b019d.php 第 1 行.
NOTIC: [8] Constant APP_PATH already defined D:\phpStudy\WWW\interface\Application\Runtime\Cache\Home\828e0013b8f3bc1bb22b4f57172b019d.php 第 1 行.
NOTIC: [8] Constant MEMORY_LIMIT_ON already defined D:\phpStudy\WWW\interface\ThinkPHP\ThinkPHP.php 第 19 行.
NOTIC: [8] Constant THINK_VERSION already defined D:\phpStudy\WWW\interface\ThinkPHP\ThinkPHP.php 第 23 行.
NOTIC: [8] Constant URL_COMMON already defined D:\phpStudy\WWW\interface\ThinkPHP\ThinkPHP.php 第 26 行.
NOTIC: [8] Constant URL_PATHINFO already defined D:\phpStudy\WWW\interface\ThinkPHP\ThinkPHP.php 第 27 行.
NOTIC: [8] Constant URL_REWRITE already defined D:\phpStudy\WWW\interface\ThinkPHP\ThinkPHP.php 第 28 行.
NOTIC: [8] Constant URL_COMPAT already defined D:\phpStudy\WWW\interface\ThinkPHP\ThinkPHP.php 第 29 行.
NOTIC: [8] Constant EXT already defined D:\phpStudy\WWW\interface\ThinkPHP\ThinkPHP.php 第 32 行.
NOTIC: [8] Constant MAGIC_QUOTES_GPC already defined D:\phpStudy\WWW\interface\ThinkPHP\ThinkPHP.php 第 71 行.
NOTIC: [8] Constant IS_CGI already defined D:\phpStudy\WWW\interface\ThinkPHP\ThinkPHP.php 第 73 行.
NOTIC: [8] Constant IS_WIN already defined D:\phpStudy\WWW\interface\ThinkPHP\ThinkPHP.php 第 74 行.
NOTIC: [8] Constant IS_CLI already defined D:\phpStudy\WWW\interface\ThinkPHP\ThinkPHP.php 第 75 行.

[ 2017-05-24T14:47:56+08:00 ] 127.0.0.1 /
INFO: [ app_init ] --START--
INFO: Run Behavior\BuildLiteBehavior [ RunTime:0.000030s ]
INFO: [ app_init ] --END-- [ RunTime:0.000861s ]
INFO: [ app_begin ] --START--
INFO: Run Behavior\ReadHtmlCacheBehavior [ RunTime:0.000893s ]
INFO: [ app_begin ] --END-- [ RunTime:0.000982s ]
INFO: [ view_parse ] --START--
NOTIC: [8] Constant APP_DEBUG already defined D:\phpStudy\WWW\interface\Application\Runtime\Cache\Home\828e0013b8f3bc1bb22b4f57172b019d.php 第 1 行.
NOTIC: [8] Constant APP_PATH already defined D:\phpStudy\WWW\interface\Application\Runtime\Cache\Home\828e0013b8f3bc1bb22b4f57172b019d.php 第 1 行.
NOTIC: [8] Constant MEMORY_LIMIT_ON already defined D:\phpStudy\WWW\interface\ThinkPHP\ThinkPHP.php 第 19 行.
NOTIC: [8] Constant THINK_VERSION already defined D:\phpStudy\WWW\interface\ThinkPHP\ThinkPHP.php 第 23 行.
NOTIC: [8] Constant URL_COMMON already defined D:\phpStudy\WWW\interface\ThinkPHP\ThinkPHP.php 第 26 行.
NOTIC: [8] Constant URL_PATHINFO already defined D:\phpStudy\WWW\interface\ThinkPHP\ThinkPHP.php 第 27 行.
NOTIC: [8] Constant URL_REWRITE already defined D:\phpStudy\WWW\interface\ThinkPHP\ThinkPHP.php 第 28 行.
NOTIC: [8] Constant URL_COMPAT already defined D:\phpStudy\WWW\interface\ThinkPHP\ThinkPHP.php 第 29 行.
NOTIC: [8] Constant EXT already defined D:\phpStudy\WWW\interface\ThinkPHP\ThinkPHP.php 第 32 行.
NOTIC: [8] Constant MAGIC_QUOTES_GPC already defined D:\phpStudy\WWW\interface\ThinkPHP\ThinkPHP.php 第 71 行.
NOTIC: [8] Constant IS_CGI already defined D:\phpStudy\WWW\interface\ThinkPHP\ThinkPHP.php 第 73 行.
NOTIC: [8] Constant IS_WIN already defined D:\phpStudy\WWW\interface\ThinkPHP\ThinkPHP.php 第 74 行.
NOTIC: [8] Constant IS_CLI already defined D:\phpStudy\WWW\interface\ThinkPHP\ThinkPHP.php 第 75 行.

[ 2017-05-24T14:47:56+08:00 ] 127.0.0.1 /
INFO: [ app_init ] --START--
INFO: Run Behavior\BuildLiteBehavior [ RunTime:0.000015s ]
INFO: [ app_init ] --END-- [ RunTime:0.000612s ]
INFO: [ app_begin ] --START--
INFO: Run Behavior\ReadHtmlCacheBehavior [ RunTime:0.000658s ]
INFO: [ app_begin ] --END-- [ RunTime:0.000720s ]
INFO: [ view_parse ] --START--
NOTIC: [8] Constant APP_DEBUG already defined D:\phpStudy\WWW\interface\Application\Runtime\Cache\Home\828e0013b8f3bc1bb22b4f57172b019d.php 第 1 行.
NOTIC: [8] Constant APP_PATH already defined D:\phpStudy\WWW\interface\Application\Runtime\Cache\Home\828e0013b8f3bc1bb22b4f57172b019d.php 第 1 行.
NOTIC: [8] Constant MEMORY_LIMIT_ON already defined D:\phpStudy\WWW\interface\ThinkPHP\ThinkPHP.php 第 19 行.
NOTIC: [8] Constant THINK_VERSION already defined D:\phpStudy\WWW\interface\ThinkPHP\ThinkPHP.php 第 23 行.
NOTIC: [8] Constant URL_COMMON already defined D:\phpStudy\WWW\interface\ThinkPHP\ThinkPHP.php 第 26 行.
NOTIC: [8] Constant URL_PATHINFO already defined D:\phpStudy\WWW\interface\ThinkPHP\ThinkPHP.php 第 27 行.
NOTIC: [8] Constant URL_REWRITE already defined D:\phpStudy\WWW\interface\ThinkPHP\ThinkPHP.php 第 28 行.
NOTIC: [8] Constant URL_COMPAT already defined D:\phpStudy\WWW\interface\ThinkPHP\ThinkPHP.php 第 29 行.
NOTIC: [8] Constant EXT already defined D:\phpStudy\WWW\interface\ThinkPHP\ThinkPHP.php 第 32 行.
NOTIC: [8] Constant MAGIC_QUOTES_GPC already defined D:\phpStudy\WWW\interface\ThinkPHP\ThinkPHP.php 第 71 行.
NOTIC: [8] Constant IS_CGI already defined D:\phpStudy\WWW\interface\ThinkPHP\ThinkPHP.php 第 73 行.
NOTIC: [8] Constant IS_WIN already defined D:\phpStudy\WWW\interface\ThinkPHP\ThinkPHP.php 第 74 行.
NOTIC: [8] Constant IS_CLI already defined D:\phpStudy\WWW\interface\ThinkPHP\ThinkPHP.php 第 75 行.

[ 2017-05-24T14:48:39+08:00 ] 127.0.0.1 /
INFO: [ app_init ] --START--
INFO: Run Behavior\BuildLiteBehavior [ RunTime:0.000013s ]
INFO: [ app_init ] --END-- [ RunTime:0.000428s ]
INFO: [ app_begin ] --START--
INFO: Run Behavior\ReadHtmlCacheBehavior [ RunTime:0.000527s ]
INFO: [ app_begin ] --END-- [ RunTime:0.000578s ]
INFO: [ view_parse ] --START--
INFO: [ template_filter ] --START--
INFO: Run Behavior\ContentReplaceBehavior [ RunTime:0.000036s ]
INFO: [ template_filter ] --END-- [ RunTime:0.000079s ]
INFO: Run Behavior\ParseTemplateBehavior [ RunTime:0.014078s ]
INFO: [ view_parse ] --END-- [ RunTime:0.014134s ]
INFO: [ view_filter ] --START--
INFO: Run Behavior\WriteHtmlCacheBehavior [ RunTime:0.000439s ]
INFO: [ view_filter ] --END-- [ RunTime:0.000476s ]
INFO: [ app_end ] --START--
INFO: Run Behavior\ShowPageTraceBehavior [ RunTime:0.000613s ]
INFO: [ app_end ] --END-- [ RunTime:0.000651s ]

[ 2017-05-24T14:50:40+08:00 ] 127.0.0.1 /
INFO: [ app_init ] --START--
INFO: Run Behavior\BuildLiteBehavior [ RunTime:0.000014s ]
INFO: [ app_init ] --END-- [ RunTime:0.000575s ]
INFO: [ app_begin ] --START--
INFO: Run Behavior\ReadHtmlCacheBehavior [ RunTime:0.000636s ]
INFO: [ app_begin ] --END-- [ RunTime:0.000688s ]
ERR: 模板不存在:./Application/Home/View/Index/index.html

[ 2017-05-24T14:50:55+08:00 ] 127.0.0.1 /
INFO: [ app_init ] --START--
INFO: Run Behavior\BuildLiteBehavior [ RunTime:0.000014s ]
INFO: [ app_init ] --END-- [ RunTime:0.000555s ]
INFO: [ app_begin ] --START--
INFO: Run Behavior\ReadHtmlCacheBehavior [ RunTime:0.000632s ]
INFO: [ app_begin ] --END-- [ RunTime:0.000685s ]
ERR: 模板不存在:./Application/Home/View/Index/index.html

[ 2017-05-24T14:50:56+08:00 ] 127.0.0.1 /
INFO: [ app_init ] --START--
INFO: Run Behavior\BuildLiteBehavior [ RunTime:0.000016s ]
INFO: [ app_init ] --END-- [ RunTime:0.000651s ]
INFO: [ app_begin ] --START--
INFO: Run Behavior\ReadHtmlCacheBehavior [ RunTime:0.000733s ]
INFO: [ app_begin ] --END-- [ RunTime:0.000809s ]
ERR: 模板不存在:./Application/Home/View/Index/index.html

[ 2017-05-24T14:51:15+08:00 ] 127.0.0.1 /
INFO: [ app_init ] --START--
INFO: Run Behavior\BuildLiteBehavior [ RunTime:0.000018s ]
INFO: [ app_init ] --END-- [ RunTime:0.000645s ]
INFO: [ app_begin ] --START--
INFO: Run Behavior\ReadHtmlCacheBehavior [ RunTime:0.000799s ]
INFO: [ app_begin ] --END-- [ RunTime:0.000869s ]
ERR: 模板不存在:./Application/Home/View/Index/index.html.html

[ 2017-05-24T14:51:40+08:00 ] 127.0.0.1 /
INFO: [ app_init ] --START--
INFO: Run Behavior\BuildLiteBehavior [ RunTime:0.000013s ]
INFO: [ app_init ] --END-- [ RunTime:0.000503s ]
INFO: [ app_begin ] --START--
INFO: Run Behavior\ReadHtmlCacheBehavior [ RunTime:0.000532s ]
INFO: [ app_begin ] --END-- [ RunTime:0.000581s ]
ERR: 模板不存在:./Application/Home/View/Index/index.html

[ 2017-05-24T14:51:41+08:00 ] 127.0.0.1 /
INFO: [ app_init ] --START--
INFO: Run Behavior\BuildLiteBehavior [ RunTime:0.000015s ]
INFO: [ app_init ] --END-- [ RunTime:0.000616s ]
INFO: [ app_begin ] --START--
INFO: Run Behavior\ReadHtmlCacheBehavior [ RunTime:0.001214s ]
INFO: [ app_begin ] --END-- [ RunTime:0.001411s ]
ERR: 模板不存在:./Application/Home/View/Index/index.html

[ 2017-05-24T14:52:34+08:00 ] 127.0.0.1 /
INFO: [ app_init ] --START--
INFO: Run Behavior\BuildLiteBehavior [ RunTime:0.000012s ]
INFO: [ app_init ] --END-- [ RunTime:0.000522s ]
INFO: [ app_begin ] --START--
INFO: Run Behavior\ReadHtmlCacheBehavior [ RunTime:0.000518s ]
INFO: [ app_begin ] --END-- [ RunTime:0.000570s ]
ERR: 模板不存在:./Application/Home/View/Index/index.html.html

[ 2017-05-24T14:52:35+08:00 ] 127.0.0.1 /
INFO: [ app_init ] --START--
INFO: Run Behavior\BuildLiteBehavior [ RunTime:0.000014s ]
INFO: [ app_init ] --END-- [ RunTime:0.000569s ]
INFO: [ app_begin ] --START--
INFO: Run Behavior\ReadHtmlCacheBehavior [ RunTime:0.000663s ]
INFO: [ app_begin ] --END-- [ RunTime:0.000730s ]
ERR: 模板不存在:./Application/Home/View/Index/index.html.html

[ 2017-05-24T14:52:35+08:00 ] 127.0.0.1 /
INFO: [ app_init ] --START--
INFO: Run Behavior\BuildLiteBehavior [ RunTime:0.000014s ]
INFO: [ app_init ] --END-- [ RunTime:0.000504s ]
INFO: [ app_begin ] --START--
INFO: Run Behavior\ReadHtmlCacheBehavior [ RunTime:0.001340s ]
INFO: [ app_begin ] --END-- [ RunTime:0.001526s ]
ERR: 模板不存在:./Application/Home/View/Index/index.html.html

[ 2017-05-24T14:52:35+08:00 ] 127.0.0.1 /
INFO: [ app_init ] --START--
INFO: Run Behavior\BuildLiteBehavior [ RunTime:0.000015s ]
INFO: [ app_init ] --END-- [ RunTime:0.000530s ]
INFO: [ app_begin ] --START--
INFO: Run Behavior\ReadHtmlCacheBehavior [ RunTime:0.000701s ]
INFO: [ app_begin ] --END-- [ RunTime:0.000760s ]
ERR: 模板不存在:./Application/Home/View/Index/index.html.html

[ 2017-05-24T14:52:36+08:00 ] 127.0.0.1 /
INFO: [ app_init ] --START--
INFO: Run Behavior\BuildLiteBehavior [ RunTime:0.000014s ]
INFO: [ app_init ] --END-- [ RunTime:0.000503s ]
INFO: [ app_begin ] --START--
INFO: Run Behavior\ReadHtmlCacheBehavior [ RunTime:0.000534s ]
INFO: [ app_begin ] --END-- [ RunTime:0.000585s ]
ERR: 模板不存在:./Application/Home/View/Index/index.html.html

[ 2017-05-24T14:52:36+08:00 ] 127.0.0.1 /
INFO: [ app_init ] --START--
INFO: Run Behavior\BuildLiteBehavior [ RunTime:0.000014s ]
INFO: [ app_init ] --END-- [ RunTime:0.000533s ]
INFO: [ app_begin ] --START--
INFO: Run Behavior\ReadHtmlCacheBehavior [ RunTime:0.000616s ]
INFO: [ app_begin ] --END-- [ RunTime:0.000668s ]
ERR: 模板不存在:./Application/Home/View/Index/index.html.html

[ 2017-05-24T14:58:36+08:00 ] 127.0.0.1 /
INFO: [ app_init ] --START--
INFO: Run Behavior\BuildLiteBehavior [ RunTime:0.000011s ]
INFO: [ app_init ] --END-- [ RunTime:0.000521s ]
INFO: [ app_begin ] --START--
INFO: Run Behavior\ReadHtmlCacheBehavior [ RunTime:0.000526s ]
INFO: [ app_begin ] --END-- [ RunTime:0.000570s ]
INFO: [ view_parse ] --START--
INFO: [ template_filter ] --START--
INFO: Run Behavior\ContentReplaceBehavior [ RunTime:0.000037s ]
INFO: [ template_filter ] --END-- [ RunTime:0.000080s ]
INFO: Run Behavior\ParseTemplateBehavior [ RunTime:0.014833s ]
INFO: [ view_parse ] --END-- [ RunTime:0.014890s ]
INFO: [ view_filter ] --START--
INFO: Run Behavior\WriteHtmlCacheBehavior [ RunTime:0.000480s ]
INFO: [ view_filter ] --END-- [ RunTime:0.000519s ]
INFO: [ app_end ] --START--
INFO: Run Behavior\ShowPageTraceBehavior [ RunTime:0.000632s ]
INFO: [ app_end ] --END-- [ RunTime:0.000672s ]

